<?xml version="1.0" encoding="UTF-8"?>
<testng-results ignored="0" total="12" passed="12" failed="0" skipped="0">
  <reporter-output>
  </reporter-output>
  <suite started-at="2023-08-30T18:03:43 IST" name="Tests for QTrip Regression" finished-at="2023-08-30T18:09:13 IST" duration-ms="329811">
    <groups>
      <group name="Booking and Cancellation Flow">
        <method signature="testCase_03.TestCase03(java.lang.String,java.lang.String,java.lang.String,java.lang.String,java.lang.String,java.lang.String,java.lang.String)[pri:3, instance:qtriptest.tests.testCase_03@372b0d86]" name="TestCase03" class="qtriptest.tests.testCase_03"/>
      </group> <!-- Booking and Cancellation Flow -->
      <group name="Reliability Flow">
        <method signature="testCase_04.TestCase04(java.lang.String,java.lang.String,java.lang.String,java.lang.String,java.lang.String)[pri:4, instance:qtriptest.tests.testCase_04@47747fb9]" name="TestCase04" class="qtriptest.tests.testCase_04"/>
      </group> <!-- Reliability Flow -->
      <group name="Search and Filter flow">
        <method signature="testCase_02.TestCase02(java.lang.String,java.lang.String,java.lang.String,java.lang.String,java.lang.String)[pri:2, instance:qtriptest.tests.testCase_02@31c269fd]" name="TestCase02" class="qtriptest.tests.testCase_02"/>
      </group> <!-- Search and Filter flow -->
      <group name="Login Flow">
        <method signature="testCase_01.TestCase01(java.lang.String,java.lang.String)[pri:1, instance:qtriptest.tests.testCase_01@6c451c9c]" name="TestCase01" class="qtriptest.tests.testCase_01"/>
      </group> <!-- Login Flow -->
    </groups>
    <test started-at="2023-08-30T18:03:43 IST" name="LoginFlow" finished-at="2023-08-30T18:09:13 IST" duration-ms="329811">
      <class name="qtriptest.tests.testCase_01">
        <test-method signature="TestCase01(java.lang.String,java.lang.String)[pri:1, instance:qtriptest.tests.testCase_01@6c451c9c]" started-at="2023-08-30T18:03:45 IST" name="TestCase01" description="verify the user is register successfully" data-provider="data-provider" finished-at="2023-08-30T18:03:53 IST" duration-ms="8339" status="PASS">
          <params>
            <param index="0">
              <value>
                <![CDATA[testuser@gmail.com]]>
              </value>
            </param>
            <param index="1">
              <value>
                <![CDATA[abc@123]]>
              </value>
            </param>
          </params>
          <reporter-output>
          </reporter-output>
        </test-method> <!-- TestCase01 -->
        <test-method signature="TestCase01(java.lang.String,java.lang.String)[pri:1, instance:qtriptest.tests.testCase_01@6c451c9c]" started-at="2023-08-30T18:03:53 IST" name="TestCase01" description="verify the user is register successfully" data-provider="data-provider" finished-at="2023-08-30T18:04:01 IST" duration-ms="7601" status="PASS">
          <params>
            <param index="0">
              <value>
                <![CDATA[TESTUSER@gmail.com]]>
              </value>
            </param>
            <param index="1">
              <value>
                <![CDATA[123456.0]]>
              </value>
            </param>
          </params>
          <reporter-output>
          </reporter-output>
        </test-method> <!-- TestCase01 -->
        <test-method signature="TestCase01(java.lang.String,java.lang.String)[pri:1, instance:qtriptest.tests.testCase_01@6c451c9c]" started-at="2023-08-30T18:04:01 IST" name="TestCase01" description="verify the user is register successfully" data-provider="data-provider" finished-at="2023-08-30T18:04:09 IST" duration-ms="7841" status="PASS">
          <params>
            <param index="0">
              <value>
                <![CDATA[123_USER_low@gmail.com]]>
              </value>
            </param>
            <param index="1">
              <value>
                <![CDATA[QWERTY!!!!]]>
              </value>
            </param>
          </params>
          <reporter-output>
          </reporter-output>
        </test-method> <!-- TestCase01 -->
      </class> <!-- qtriptest.tests.testCase_01 -->
      <class name="qtriptest.tests.testCase_04">
        <test-method signature="TestCase04(java.lang.String,java.lang.String,java.lang.String,java.lang.String,java.lang.String)[pri:4, instance:qtriptest.tests.testCase_04@47747fb9]" started-at="2023-08-30T18:06:35 IST" name="TestCase04" description="verify that adventure bookiing and cancellation works fine" data-provider="data-provider" finished-at="2023-08-30T18:07:27 IST" duration-ms="52464" status="PASS">
          <params>
            <param index="0">
              <value>
                <![CDATA[TC4_1@gmail.com]]>
              </value>
            </param>
            <param index="1">
              <value>
                <![CDATA[abc@123]]>
              </value>
            </param>
            <param index="2">
              <value>
                <![CDATA[Bengaluru;Niaboytown;Chicky;01-01-2025;2]]>
              </value>
            </param>
            <param index="3">
              <value>
                <![CDATA[Kolkata;Thton;Cha Cha;01-02-2025;3]]>
              </value>
            </param>
            <param index="4">
              <value>
                <![CDATA[Malaysia;Wootkentree;Bom Bom;02-12-2025;1]]>
              </value>
            </param>
          </params>
          <reporter-output>
          </reporter-output>
        </test-method> <!-- TestCase04 -->
        <test-method signature="TestCase04(java.lang.String,java.lang.String,java.lang.String,java.lang.String,java.lang.String)[pri:4, instance:qtriptest.tests.testCase_04@47747fb9]" started-at="2023-08-30T18:07:27 IST" name="TestCase04" description="verify that adventure bookiing and cancellation works fine" data-provider="data-provider" finished-at="2023-08-30T18:08:21 IST" duration-ms="53399" status="PASS">
          <params>
            <param index="0">
              <value>
                <![CDATA[TC4_2@gmail.com]]>
              </value>
            </param>
            <param index="1">
              <value>
                <![CDATA[abc@321]]>
              </value>
            </param>
            <param index="2">
              <value>
                <![CDATA[Bengaluru;Fort Sionnnn;Chicky;01-01-2025;2]]>
              </value>
            </param>
            <param index="3">
              <value>
                <![CDATA[Kolkata;North Gelgoon;Cha Cha;01-02-2025;3]]>
              </value>
            </param>
            <param index="4">
              <value>
                <![CDATA[Malaysia;Wootkentree;Lya;02-12-2025;1]]>
              </value>
            </param>
          </params>
          <reporter-output>
          </reporter-output>
        </test-method> <!-- TestCase04 -->
        <test-method signature="TestCase04(java.lang.String,java.lang.String,java.lang.String,java.lang.String,java.lang.String)[pri:4, instance:qtriptest.tests.testCase_04@47747fb9]" started-at="2023-08-30T18:08:21 IST" name="TestCase04" description="verify that adventure bookiing and cancellation works fine" data-provider="data-provider" finished-at="2023-08-30T18:09:13 IST" duration-ms="51714" status="PASS">
          <params>
            <param index="0">
              <value>
                <![CDATA[TC4_3@gmail.com]]>
              </value>
            </param>
            <param index="1">
              <value>
                <![CDATA[abc@321]]>
              </value>
            </param>
            <param index="2">
              <value>
                <![CDATA[Goa;Perthby;Chicky;01-01-2025;2]]>
              </value>
            </param>
            <param index="3">
              <value>
                <![CDATA[Bengaluru;Niaboytown;Chicky;01-01-2025;2]]>
              </value>
            </param>
            <param index="4">
              <value>
                <![CDATA[Bengaluru;Fort Sionnnn;Chicky;01-01-2025;2]]>
              </value>
            </param>
          </params>
          <reporter-output>
          </reporter-output>
        </test-method> <!-- TestCase04 -->
      </class> <!-- qtriptest.tests.testCase_04 -->
      <class name="qtriptest.tests.testCase_03">
        <test-method signature="TestCase03(java.lang.String,java.lang.String,java.lang.String,java.lang.String,java.lang.String,java.lang.String,java.lang.String)[pri:3, instance:qtriptest.tests.testCase_03@372b0d86]" started-at="2023-08-30T18:04:44 IST" name="TestCase03" description="verify that adventure bookiing and cancellation works fine" data-provider="data-provider" finished-at="2023-08-30T18:05:21 IST" duration-ms="37202" status="PASS">
          <params>
            <param index="0">
              <value>
                <![CDATA[TC3_1@gmaill.com]]>
              </value>
            </param>
            <param index="1">
              <value>
                <![CDATA[abc@123]]>
              </value>
            </param>
            <param index="2">
              <value>
                <![CDATA[Bengaluru]]>
              </value>
            </param>
            <param index="3">
              <value>
                <![CDATA[Niaboytown]]>
              </value>
            </param>
            <param index="4">
              <value>
                <![CDATA[palam]]>
              </value>
            </param>
            <param index="5">
              <value>
                <![CDATA[16-11-2025]]>
              </value>
            </param>
            <param index="6">
              <value>
                <![CDATA[2]]>
              </value>
            </param>
          </params>
          <reporter-output>
          </reporter-output>
        </test-method> <!-- TestCase03 -->
        <test-method signature="TestCase03(java.lang.String,java.lang.String,java.lang.String,java.lang.String,java.lang.String,java.lang.String,java.lang.String)[pri:3, instance:qtriptest.tests.testCase_03@372b0d86]" started-at="2023-08-30T18:05:21 IST" name="TestCase03" description="verify that adventure bookiing and cancellation works fine" data-provider="data-provider" finished-at="2023-08-30T18:05:58 IST" duration-ms="36924" status="PASS">
          <params>
            <param index="0">
              <value>
                <![CDATA[TC3_2@gmail.com]]>
              </value>
            </param>
            <param index="1">
              <value>
                <![CDATA[abc@123]]>
              </value>
            </param>
            <param index="2">
              <value>
                <![CDATA[Singapore]]>
              </value>
            </param>
            <param index="3">
              <value>
                <![CDATA[Grand Ashland]]>
              </value>
            </param>
            <param index="4">
              <value>
                <![CDATA[biden]]>
              </value>
            </param>
            <param index="5">
              <value>
                <![CDATA[26-11-2025]]>
              </value>
            </param>
            <param index="6">
              <value>
                <![CDATA[4]]>
              </value>
            </param>
          </params>
          <reporter-output>
          </reporter-output>
        </test-method> <!-- TestCase03 -->
        <test-method signature="TestCase03(java.lang.String,java.lang.String,java.lang.String,java.lang.String,java.lang.String,java.lang.String,java.lang.String)[pri:3, instance:qtriptest.tests.testCase_03@372b0d86]" started-at="2023-08-30T18:05:58 IST" name="TestCase03" description="verify that adventure bookiing and cancellation works fine" data-provider="data-provider" finished-at="2023-08-30T18:06:35 IST" duration-ms="36850" status="PASS">
          <params>
            <param index="0">
              <value>
                <![CDATA[TC3_3@gmail.com]]>
              </value>
            </param>
            <param index="1">
              <value>
                <![CDATA[abc@123]]>
              </value>
            </param>
            <param index="2">
              <value>
                <![CDATA[Bangkok]]>
              </value>
            </param>
            <param index="3">
              <value>
                <![CDATA[Tifwales Ferry]]>
              </value>
            </param>
            <param index="4">
              <value>
                <![CDATA[prabhu]]>
              </value>
            </param>
            <param index="5">
              <value>
                <![CDATA[26-12-2025]]>
              </value>
            </param>
            <param index="6">
              <value>
                <![CDATA[1]]>
              </value>
            </param>
          </params>
          <reporter-output>
          </reporter-output>
        </test-method> <!-- TestCase03 -->
      </class> <!-- qtriptest.tests.testCase_03 -->
      <class name="qtriptest.tests.testCase_02">
        <test-method signature="TestCase02(java.lang.String,java.lang.String,java.lang.String,java.lang.String,java.lang.String)[pri:2, instance:qtriptest.tests.testCase_02@31c269fd]" started-at="2023-08-30T18:04:09 IST" name="TestCase02" description="verify that the search and filters are working fine" data-provider="data-provider" finished-at="2023-08-30T18:04:21 IST" duration-ms="11629" status="PASS">
          <params>
            <param index="0">
              <value>
                <![CDATA[Bengaluru]]>
              </value>
            </param>
            <param index="1">
              <value>
                <![CDATA[Cycling Routes]]>
              </value>
            </param>
            <param index="2">
              <value>
                <![CDATA[6-12 Hours]]>
              </value>
            </param>
            <param index="3">
              <value>
                <![CDATA[1]]>
              </value>
            </param>
            <param index="4">
              <value>
                <![CDATA[9]]>
              </value>
            </param>
          </params>
          <reporter-output>
          </reporter-output>
        </test-method> <!-- TestCase02 -->
        <test-method signature="TestCase02(java.lang.String,java.lang.String,java.lang.String,java.lang.String,java.lang.String)[pri:2, instance:qtriptest.tests.testCase_02@31c269fd]" started-at="2023-08-30T18:04:21 IST" name="TestCase02" description="verify that the search and filters are working fine" data-provider="data-provider" finished-at="2023-08-30T18:04:32 IST" duration-ms="11418" status="PASS">
          <params>
            <param index="0">
              <value>
                <![CDATA[Singapore]]>
              </value>
            </param>
            <param index="1">
              <value>
                <![CDATA[Hillside Getaways]]>
              </value>
            </param>
            <param index="2">
              <value>
                <![CDATA[6-12 Hours]]>
              </value>
            </param>
            <param index="3">
              <value>
                <![CDATA[1]]>
              </value>
            </param>
            <param index="4">
              <value>
                <![CDATA[8]]>
              </value>
            </param>
          </params>
          <reporter-output>
          </reporter-output>
        </test-method> <!-- TestCase02 -->
        <test-method signature="TestCase02(java.lang.String,java.lang.String,java.lang.String,java.lang.String,java.lang.String)[pri:2, instance:qtriptest.tests.testCase_02@31c269fd]" started-at="2023-08-30T18:04:32 IST" name="TestCase02" description="verify that the search and filters are working fine" data-provider="data-provider" finished-at="2023-08-30T18:04:44 IST" duration-ms="11639" status="PASS">
          <params>
            <param index="0">
              <value>
                <![CDATA[Goa]]>
              </value>
            </param>
            <param index="1">
              <value>
                <![CDATA[Party Spots]]>
              </value>
            </param>
            <param index="2">
              <value>
                <![CDATA[2-6 Hours]]>
              </value>
            </param>
            <param index="3">
              <value>
                <![CDATA[1]]>
              </value>
            </param>
            <param index="4">
              <value>
                <![CDATA[11]]>
              </value>
            </param>
          </params>
          <reporter-output>
          </reporter-output>
        </test-method> <!-- TestCase02 -->
      </class> <!-- qtriptest.tests.testCase_02 -->
    </test> <!-- LoginFlow -->
  </suite> <!-- Tests for QTrip Regression -->
</testng-results>
