<?xml version="1.0" encoding="UTF-8"?>
<testng-results ignored="0" total="12" passed="12" failed="0" skipped="0">
  <reporter-output>
  </reporter-output>
  <suite started-at="2023-08-30T17:47:39 IST" name="Gradle suite" finished-at="2023-08-30T17:53:10 IST" duration-ms="330759">
    <groups>
      <group name="Booking and Cancellation Flow">
        <method signature="testCase_03.TestCase03(java.lang.String,java.lang.String,java.lang.String,java.lang.String,java.lang.String,java.lang.String,java.lang.String)[pri:3, instance:qtriptest.tests.testCase_03@41beb473]" name="TestCase03" class="qtriptest.tests.testCase_03"/>
      </group> <!-- Booking and Cancellation Flow -->
      <group name="Reliability Flow">
        <method signature="testCase_04.TestCase04(java.lang.String,java.lang.String,java.lang.String,java.lang.String,java.lang.String)[pri:4, instance:qtriptest.tests.testCase_04@18d87d80]" name="TestCase04" class="qtriptest.tests.testCase_04"/>
      </group> <!-- Reliability Flow -->
      <group name="Search and Filter flow">
        <method signature="testCase_02.TestCase02(java.lang.String,java.lang.String,java.lang.String,java.lang.String,java.lang.String)[pri:2, instance:qtriptest.tests.testCase_02@7adbd080]" name="TestCase02" class="qtriptest.tests.testCase_02"/>
      </group> <!-- Search and Filter flow -->
      <group name="Login Flow">
        <method signature="testCase_01.TestCase01(java.lang.String,java.lang.String)[pri:1, instance:qtriptest.tests.testCase_01@4d411036]" name="TestCase01" class="qtriptest.tests.testCase_01"/>
      </group> <!-- Login Flow -->
    </groups>
    <test started-at="2023-08-30T17:47:39 IST" name="Gradle test" finished-at="2023-08-30T17:53:10 IST" duration-ms="330759">
      <class name="qtriptest.DriverSingleton">
        <test-method is-config="true" signature="launchBrowser()[pri:0, instance:qtriptest.DriverSingleton@3174cb09]" started-at="2023-08-30T17:47:39 IST" name="launchBrowser" finished-at="2023-08-30T17:47:39 IST" duration-ms="40" status="PASS">
          <reporter-output>
          </reporter-output>
        </test-method> <!-- launchBrowser -->
        <test-method is-config="true" signature="quitDriver()[pri:0, instance:qtriptest.DriverSingleton@3174cb09]" started-at="2023-08-30T17:53:09 IST" name="quitDriver" finished-at="2023-08-30T17:53:10 IST" duration-ms="696" status="PASS">
          <reporter-output>
          </reporter-output>
        </test-method> <!-- quitDriver -->
      </class> <!-- qtriptest.DriverSingleton -->
      <class name="qtriptest.tests.testCase_01">
        <test-method signature="TestCase01(java.lang.String,java.lang.String)[pri:1, instance:qtriptest.tests.testCase_01@4d411036]" started-at="2023-08-30T17:47:41 IST" name="TestCase01" description="verify the user is register successfully" data-provider="data-provider" finished-at="2023-08-30T17:47:50 IST" duration-ms="8410" status="PASS">
          <params>
            <param index="0">
              <value>
                <![CDATA[testuser@gmail.com]]>
              </value>
            </param>
            <param index="1">
              <value>
                <![CDATA[abc@123]]>
              </value>
            </param>
          </params>
          <reporter-output>
          </reporter-output>
        </test-method> <!-- TestCase01 -->
        <test-method signature="TestCase01(java.lang.String,java.lang.String)[pri:1, instance:qtriptest.tests.testCase_01@4d411036]" started-at="2023-08-30T17:47:50 IST" name="TestCase01" description="verify the user is register successfully" data-provider="data-provider" finished-at="2023-08-30T17:47:57 IST" duration-ms="7670" status="PASS">
          <params>
            <param index="0">
              <value>
                <![CDATA[TESTUSER@gmail.com]]>
              </value>
            </param>
            <param index="1">
              <value>
                <![CDATA[123456.0]]>
              </value>
            </param>
          </params>
          <reporter-output>
          </reporter-output>
        </test-method> <!-- TestCase01 -->
        <test-method signature="TestCase01(java.lang.String,java.lang.String)[pri:1, instance:qtriptest.tests.testCase_01@4d411036]" started-at="2023-08-30T17:47:57 IST" name="TestCase01" description="verify the user is register successfully" data-provider="data-provider" finished-at="2023-08-30T17:48:05 IST" duration-ms="7976" status="PASS">
          <params>
            <param index="0">
              <value>
                <![CDATA[123_USER_low@gmail.com]]>
              </value>
            </param>
            <param index="1">
              <value>
                <![CDATA[QWERTY!!!!]]>
              </value>
            </param>
          </params>
          <reporter-output>
          </reporter-output>
        </test-method> <!-- TestCase01 -->
      </class> <!-- qtriptest.tests.testCase_01 -->
      <class name="qtriptest.tests.testCase_04">
        <test-method signature="TestCase04(java.lang.String,java.lang.String,java.lang.String,java.lang.String,java.lang.String)[pri:4, instance:qtriptest.tests.testCase_04@18d87d80]" started-at="2023-08-30T17:50:31 IST" name="TestCase04" description="verify that adventure bookiing and cancellation works fine" data-provider="data-provider" finished-at="2023-08-30T17:51:24 IST" duration-ms="53037" status="PASS">
          <params>
            <param index="0">
              <value>
                <![CDATA[TC4_1@gmail.com]]>
              </value>
            </param>
            <param index="1">
              <value>
                <![CDATA[abc@123]]>
              </value>
            </param>
            <param index="2">
              <value>
                <![CDATA[Bengaluru;Niaboytown;Chicky;01-01-2025;2]]>
              </value>
            </param>
            <param index="3">
              <value>
                <![CDATA[Kolkata;Thton;Cha Cha;01-02-2025;3]]>
              </value>
            </param>
            <param index="4">
              <value>
                <![CDATA[Malaysia;Wootkentree;Bom Bom;02-12-2025;1]]>
              </value>
            </param>
          </params>
          <reporter-output>
          </reporter-output>
        </test-method> <!-- TestCase04 -->
        <test-method signature="TestCase04(java.lang.String,java.lang.String,java.lang.String,java.lang.String,java.lang.String)[pri:4, instance:qtriptest.tests.testCase_04@18d87d80]" started-at="2023-08-30T17:51:24 IST" name="TestCase04" description="verify that adventure bookiing and cancellation works fine" data-provider="data-provider" finished-at="2023-08-30T17:52:16 IST" duration-ms="51967" status="PASS">
          <params>
            <param index="0">
              <value>
                <![CDATA[TC4_2@gmail.com]]>
              </value>
            </param>
            <param index="1">
              <value>
                <![CDATA[abc@321]]>
              </value>
            </param>
            <param index="2">
              <value>
                <![CDATA[Bengaluru;Fort Sionnnn;Chicky;01-01-2025;2]]>
              </value>
            </param>
            <param index="3">
              <value>
                <![CDATA[Kolkata;North Gelgoon;Cha Cha;01-02-2025;3]]>
              </value>
            </param>
            <param index="4">
              <value>
                <![CDATA[Malaysia;Wootkentree;Lya;02-12-2025;1]]>
              </value>
            </param>
          </params>
          <reporter-output>
          </reporter-output>
        </test-method> <!-- TestCase04 -->
        <test-method signature="TestCase04(java.lang.String,java.lang.String,java.lang.String,java.lang.String,java.lang.String)[pri:4, instance:qtriptest.tests.testCase_04@18d87d80]" started-at="2023-08-30T17:52:16 IST" name="TestCase04" description="verify that adventure bookiing and cancellation works fine" data-provider="data-provider" finished-at="2023-08-30T17:53:09 IST" duration-ms="52960" status="PASS">
          <params>
            <param index="0">
              <value>
                <![CDATA[TC4_3@gmail.com]]>
              </value>
            </param>
            <param index="1">
              <value>
                <![CDATA[abc@321]]>
              </value>
            </param>
            <param index="2">
              <value>
                <![CDATA[Goa;Perthby;Chicky;01-01-2025;2]]>
              </value>
            </param>
            <param index="3">
              <value>
                <![CDATA[Bengaluru;Niaboytown;Chicky;01-01-2025;2]]>
              </value>
            </param>
            <param index="4">
              <value>
                <![CDATA[Bengaluru;Fort Sionnnn;Chicky;01-01-2025;2]]>
              </value>
            </param>
          </params>
          <reporter-output>
          </reporter-output>
        </test-method> <!-- TestCase04 -->
      </class> <!-- qtriptest.tests.testCase_04 -->
      <class name="qtriptest.tests.testCase_03">
        <test-method signature="TestCase03(java.lang.String,java.lang.String,java.lang.String,java.lang.String,java.lang.String,java.lang.String,java.lang.String)[pri:3, instance:qtriptest.tests.testCase_03@41beb473]" started-at="2023-08-30T17:48:40 IST" name="TestCase03" description="verify that adventure bookiing and cancellation works fine" data-provider="data-provider" finished-at="2023-08-30T17:49:17 IST" duration-ms="36737" status="PASS">
          <params>
            <param index="0">
              <value>
                <![CDATA[TC3_1@gmaill.com]]>
              </value>
            </param>
            <param index="1">
              <value>
                <![CDATA[abc@123]]>
              </value>
            </param>
            <param index="2">
              <value>
                <![CDATA[Bengaluru]]>
              </value>
            </param>
            <param index="3">
              <value>
                <![CDATA[Niaboytown]]>
              </value>
            </param>
            <param index="4">
              <value>
                <![CDATA[palam]]>
              </value>
            </param>
            <param index="5">
              <value>
                <![CDATA[16-11-2025]]>
              </value>
            </param>
            <param index="6">
              <value>
                <![CDATA[2]]>
              </value>
            </param>
          </params>
          <reporter-output>
          </reporter-output>
        </test-method> <!-- TestCase03 -->
        <test-method signature="TestCase03(java.lang.String,java.lang.String,java.lang.String,java.lang.String,java.lang.String,java.lang.String,java.lang.String)[pri:3, instance:qtriptest.tests.testCase_03@41beb473]" started-at="2023-08-30T17:49:17 IST" name="TestCase03" description="verify that adventure bookiing and cancellation works fine" data-provider="data-provider" finished-at="2023-08-30T17:49:53 IST" duration-ms="36425" status="PASS">
          <params>
            <param index="0">
              <value>
                <![CDATA[TC3_2@gmail.com]]>
              </value>
            </param>
            <param index="1">
              <value>
                <![CDATA[abc@123]]>
              </value>
            </param>
            <param index="2">
              <value>
                <![CDATA[Singapore]]>
              </value>
            </param>
            <param index="3">
              <value>
                <![CDATA[Grand Ashland]]>
              </value>
            </param>
            <param index="4">
              <value>
                <![CDATA[biden]]>
              </value>
            </param>
            <param index="5">
              <value>
                <![CDATA[26-11-2025]]>
              </value>
            </param>
            <param index="6">
              <value>
                <![CDATA[4]]>
              </value>
            </param>
          </params>
          <reporter-output>
          </reporter-output>
        </test-method> <!-- TestCase03 -->
        <test-method signature="TestCase03(java.lang.String,java.lang.String,java.lang.String,java.lang.String,java.lang.String,java.lang.String,java.lang.String)[pri:3, instance:qtriptest.tests.testCase_03@41beb473]" started-at="2023-08-30T17:49:53 IST" name="TestCase03" description="verify that adventure bookiing and cancellation works fine" data-provider="data-provider" finished-at="2023-08-30T17:50:31 IST" duration-ms="37831" status="PASS">
          <params>
            <param index="0">
              <value>
                <![CDATA[TC3_3@gmail.com]]>
              </value>
            </param>
            <param index="1">
              <value>
                <![CDATA[abc@123]]>
              </value>
            </param>
            <param index="2">
              <value>
                <![CDATA[Bangkok]]>
              </value>
            </param>
            <param index="3">
              <value>
                <![CDATA[Tifwales Ferry]]>
              </value>
            </param>
            <param index="4">
              <value>
                <![CDATA[prabhu]]>
              </value>
            </param>
            <param index="5">
              <value>
                <![CDATA[26-12-2025]]>
              </value>
            </param>
            <param index="6">
              <value>
                <![CDATA[1]]>
              </value>
            </param>
          </params>
          <reporter-output>
          </reporter-output>
        </test-method> <!-- TestCase03 -->
      </class> <!-- qtriptest.tests.testCase_03 -->
      <class name="qtriptest.tests.testCase_02">
        <test-method signature="TestCase02(java.lang.String,java.lang.String,java.lang.String,java.lang.String,java.lang.String)[pri:2, instance:qtriptest.tests.testCase_02@7adbd080]" started-at="2023-08-30T17:48:06 IST" name="TestCase02" description="verify that the search and filters are working fine" data-provider="data-provider" finished-at="2023-08-30T17:48:17 IST" duration-ms="11606" status="PASS">
          <params>
            <param index="0">
              <value>
                <![CDATA[Bengaluru]]>
              </value>
            </param>
            <param index="1">
              <value>
                <![CDATA[Cycling Routes]]>
              </value>
            </param>
            <param index="2">
              <value>
                <![CDATA[6-12 Hours]]>
              </value>
            </param>
            <param index="3">
              <value>
                <![CDATA[1]]>
              </value>
            </param>
            <param index="4">
              <value>
                <![CDATA[9]]>
              </value>
            </param>
          </params>
          <reporter-output>
          </reporter-output>
        </test-method> <!-- TestCase02 -->
        <test-method signature="TestCase02(java.lang.String,java.lang.String,java.lang.String,java.lang.String,java.lang.String)[pri:2, instance:qtriptest.tests.testCase_02@7adbd080]" started-at="2023-08-30T17:48:17 IST" name="TestCase02" description="verify that the search and filters are working fine" data-provider="data-provider" finished-at="2023-08-30T17:48:29 IST" duration-ms="11313" status="PASS">
          <params>
            <param index="0">
              <value>
                <![CDATA[Singapore]]>
              </value>
            </param>
            <param index="1">
              <value>
                <![CDATA[Hillside Getaways]]>
              </value>
            </param>
            <param index="2">
              <value>
                <![CDATA[6-12 Hours]]>
              </value>
            </param>
            <param index="3">
              <value>
                <![CDATA[1]]>
              </value>
            </param>
            <param index="4">
              <value>
                <![CDATA[8]]>
              </value>
            </param>
          </params>
          <reporter-output>
          </reporter-output>
        </test-method> <!-- TestCase02 -->
        <test-method signature="TestCase02(java.lang.String,java.lang.String,java.lang.String,java.lang.String,java.lang.String)[pri:2, instance:qtriptest.tests.testCase_02@7adbd080]" started-at="2023-08-30T17:48:29 IST" name="TestCase02" description="verify that the search and filters are working fine" data-provider="data-provider" finished-at="2023-08-30T17:48:40 IST" duration-ms="11458" status="PASS">
          <params>
            <param index="0">
              <value>
                <![CDATA[Goa]]>
              </value>
            </param>
            <param index="1">
              <value>
                <![CDATA[Party Spots]]>
              </value>
            </param>
            <param index="2">
              <value>
                <![CDATA[2-6 Hours]]>
              </value>
            </param>
            <param index="3">
              <value>
                <![CDATA[1]]>
              </value>
            </param>
            <param index="4">
              <value>
                <![CDATA[11]]>
              </value>
            </param>
          </params>
          <reporter-output>
          </reporter-output>
        </test-method> <!-- TestCase02 -->
      </class> <!-- qtriptest.tests.testCase_02 -->
    </test> <!-- Gradle test -->
  </suite> <!-- Gradle suite -->
</testng-results>
